Started GET "/" for 127.0.0.1 at 2019-12-01 12:00:56 -0300
  [1m[35m (2.4ms)[0m  [1m[34mSELECT sqlite_version(*)[0m
Processing by Rails::WelcomeController#index as HTML
  Rendering /home/pedro/.rbenv/versions/2.6.5/lib/ruby/gems/2.6.0/gems/railties-6.0.1/lib/rails/templates/rails/welcome/index.html.erb
  Rendered /home/pedro/.rbenv/versions/2.6.5/lib/ruby/gems/2.6.0/gems/railties-6.0.1/lib/rails/templates/rails/welcome/index.html.erb (Duration: 29.2ms | Allocations: 480)
Completed 200 OK in 81ms (Views: 33.6ms | ActiveRecord: 0.0ms | Allocations: 2810)


  [1m[35m (0.4ms)[0m  [1m[34mSELECT sqlite_version(*)[0m
  [1m[35m (34.8ms)[0m  [1m[35mCREATE TABLE "schema_migrations" ("version" varchar NOT NULL PRIMARY KEY)[0m
  [1m[35m (6.3ms)[0m  [1m[35mCREATE TABLE "ar_internal_metadata" ("key" varchar NOT NULL PRIMARY KEY, "value" varchar, "created_at" datetime(6) NOT NULL, "updated_at" datetime(6) NOT NULL)[0m
  [1m[35m (0.2ms)[0m  [1m[34mSELECT "schema_migrations"."version" FROM "schema_migrations" ORDER BY "schema_migrations"."version" ASC[0m
Migrating to CreateIdeas (20191201150528)
  [1m[35m (0.1ms)[0m  [1m[36mbegin transaction[0m
  [1m[35m (1.1ms)[0m  [1m[35mCREATE TABLE "ideas" ("id" integer PRIMARY KEY AUTOINCREMENT NOT NULL, "name" varchar, "description" text, "picture" varchar, "created_at" datetime(6) NOT NULL, "updated_at" datetime(6) NOT NULL)[0m
  [1m[36mprimary::SchemaMigration Create (0.2ms)[0m  [1m[32mINSERT INTO "schema_migrations" ("version") VALUES (?)[0m  [["version", "20191201150528"]]
  [1m[35m (10.0ms)[0m  [1m[36mcommit transaction[0m
  [1m[36mActiveRecord::InternalMetadata Load (0.2ms)[0m  [1m[34mSELECT "ar_internal_metadata".* FROM "ar_internal_metadata" WHERE "ar_internal_metadata"."key" = ? LIMIT ?[0m  [["key", "environment"], ["LIMIT", 1]]
  [1m[35m (0.1ms)[0m  [1m[36mbegin transaction[0m
  [1m[36mActiveRecord::InternalMetadata Create (1.0ms)[0m  [1m[32mINSERT INTO "ar_internal_metadata" ("key", "value", "created_at", "updated_at") VALUES (?, ?, ?, ?)[0m  [["key", "environment"], ["value", "development"], ["created_at", "2019-12-01 15:05:49.983039"], ["updated_at", "2019-12-01 15:05:49.983039"]]
  [1m[35m (5.5ms)[0m  [1m[36mcommit transaction[0m
  [1m[35m (0.1ms)[0m  [1m[34mSELECT sqlite_version(*)[0m
  [1m[35m (0.1ms)[0m  [1m[34mSELECT "schema_migrations"."version" FROM "schema_migrations" ORDER BY "schema_migrations"."version" ASC[0m
Started GET "/" for 127.0.0.1 at 2019-12-01 12:06:09 -0300
  [1m[35m (0.4ms)[0m  [1m[34mSELECT sqlite_version(*)[0m
  [1m[35m (0.1ms)[0m  [1m[34mSELECT "schema_migrations"."version" FROM "schema_migrations" ORDER BY "schema_migrations"."version" ASC[0m
Processing by Rails::WelcomeController#index as HTML
  Rendering /home/pedro/.rbenv/versions/2.6.5/lib/ruby/gems/2.6.0/gems/railties-6.0.1/lib/rails/templates/rails/welcome/index.html.erb
  Rendered /home/pedro/.rbenv/versions/2.6.5/lib/ruby/gems/2.6.0/gems/railties-6.0.1/lib/rails/templates/rails/welcome/index.html.erb (Duration: 11.9ms | Allocations: 310)
Completed 200 OK in 20ms (Views: 13.9ms | ActiveRecord: 0.0ms | Allocations: 1732)


Started GET "/ideas" for 127.0.0.1 at 2019-12-01 12:06:55 -0300
Processing by IdeasController#index as HTML
  Rendering ideas/index.html.erb within layouts/application
  [1m[36mIdea Load (0.2ms)[0m  [1m[34mSELECT "ideas".* FROM "ideas"[0m
  ↳ app/views/ideas/index.html.erb:16
  Rendered ideas/index.html.erb within layouts/application (Duration: 3.2ms | Allocations: 1451)
[Webpacker] Compiling...
[Webpacker] Compiled all packs in /home/pedro/Desktop/ep3/achadoseperdidos/public/packs
[Webpacker] Hash: 53154d7baad00c6a1252
Version: webpack 4.41.2
Time: 3573ms
Built at: 2019-12-01 12:07:02
                                     Asset       Size       Chunks                         Chunk Names
    js/application-0b67a3cc2fcde6055024.js    124 KiB  application  [emitted] [immutable]  application
js/application-0b67a3cc2fcde6055024.js.map    139 KiB  application  [emitted] [dev]        application
                             manifest.json  364 bytes               [emitted]              
Entrypoint application = js/application-0b67a3cc2fcde6055024.js js/application-0b67a3cc2fcde6055024.js.map
[./app/javascript/channels sync recursive _channel\.js$] ./app/javascript/channels sync _channel\.js$ 160 bytes {application} [built]
[./app/javascript/channels/index.js] 211 bytes {application} [built]
[./app/javascript/packs/application.js] 749 bytes {application} [built]
[./node_modules/webpack/buildin/module.js] (webpack)/buildin/module.js 552 bytes {application} [built]
    + 3 hidden modules

Completed 200 OK in 7121ms (Views: 7103.3ms | ActiveRecord: 0.5ms | Allocations: 22847)


Started GET "/ideas/new" for 127.0.0.1 at 2019-12-01 12:07:34 -0300
Processing by IdeasController#new as HTML
  Rendering ideas/new.html.erb within layouts/application
  Rendered ideas/_form.html.erb (Duration: 148.8ms | Allocations: 7449)
  Rendered ideas/new.html.erb within layouts/application (Duration: 150.4ms | Allocations: 7809)
[Webpacker] Everything's up-to-date. Nothing to do
Completed 200 OK in 181ms (Views: 168.2ms | ActiveRecord: 0.5ms | Allocations: 14992)


Started POST "/ideas" for 127.0.0.1 at 2019-12-01 12:07:46 -0300
Processing by IdeasController#create as HTML
  Parameters: {"authenticity_token"=>"fS1Jevkog6KTo/2Lb1OWKVP4M+SKke8uwdi2UJUbPiwTGh9/+rX+MqxRr+r8jdys4Y3WExk4qzWTNbiPCdNaeg==", "idea"=>{"name"=>"sei la", "description"=>"uma qualquer", "picture"=>"q?"}, "commit"=>"Create Idea"}
  [1m[35m (0.1ms)[0m  [1m[36mbegin transaction[0m
  ↳ app/controllers/ideas_controller.rb:30:in `block in create'
  [1m[36mIdea Create (2.0ms)[0m  [1m[32mINSERT INTO "ideas" ("name", "description", "picture", "created_at", "updated_at") VALUES (?, ?, ?, ?, ?)[0m  [["name", "sei la"], ["description", "uma qualquer"], ["picture", "q?"], ["created_at", "2019-12-01 15:07:46.835675"], ["updated_at", "2019-12-01 15:07:46.835675"]]
  ↳ app/controllers/ideas_controller.rb:30:in `block in create'
  [1m[35m (29.2ms)[0m  [1m[36mcommit transaction[0m
  ↳ app/controllers/ideas_controller.rb:30:in `block in create'
Redirected to http://localhost:3000/ideas/1
Completed 302 Found in 53ms (ActiveRecord: 31.2ms | Allocations: 3876)


Started GET "/ideas/1" for 127.0.0.1 at 2019-12-01 12:07:46 -0300
Processing by IdeasController#show as HTML
  Parameters: {"id"=>"1"}
  [1m[36mIdea Load (0.2ms)[0m  [1m[34mSELECT "ideas".* FROM "ideas" WHERE "ideas"."id" = ? LIMIT ?[0m  [["id", 1], ["LIMIT", 1]]
  ↳ app/controllers/ideas_controller.rb:67:in `set_idea'
  Rendering ideas/show.html.erb within layouts/application
  Rendered ideas/show.html.erb within layouts/application (Duration: 4.3ms | Allocations: 296)
[Webpacker] Everything's up-to-date. Nothing to do
Completed 200 OK in 34ms (Views: 24.6ms | ActiveRecord: 0.2ms | Allocations: 4817)


Started GET "/ideas/" for 127.0.0.1 at 2019-12-01 12:07:54 -0300
Processing by IdeasController#index as HTML
  Rendering ideas/index.html.erb within layouts/application
  [1m[36mIdea Load (0.1ms)[0m  [1m[34mSELECT "ideas".* FROM "ideas"[0m
  ↳ app/views/ideas/index.html.erb:16
  Rendered ideas/index.html.erb within layouts/application (Duration: 6.3ms | Allocations: 776)
[Webpacker] Everything's up-to-date. Nothing to do
Completed 200 OK in 37ms (Views: 34.7ms | ActiveRecord: 0.1ms | Allocations: 4219)


Started GET "/ideas/1" for 127.0.0.1 at 2019-12-01 12:08:11 -0300
Processing by IdeasController#show as HTML
  Parameters: {"id"=>"1"}
  [1m[36mIdea Load (0.2ms)[0m  [1m[34mSELECT "ideas".* FROM "ideas" WHERE "ideas"."id" = ? LIMIT ?[0m  [["id", 1], ["LIMIT", 1]]
  ↳ app/controllers/ideas_controller.rb:67:in `set_idea'
  Rendering ideas/show.html.erb within layouts/application
  Rendered ideas/show.html.erb within layouts/application (Duration: 0.2ms | Allocations: 97)
[Webpacker] Everything's up-to-date. Nothing to do
Completed 200 OK in 17ms (Views: 12.5ms | ActiveRecord: 0.2ms | Allocations: 4034)


Started GET "/ideas" for 127.0.0.1 at 2019-12-01 12:08:13 -0300
Processing by IdeasController#index as HTML
  Rendering ideas/index.html.erb within layouts/application
  [1m[36mIdea Load (0.1ms)[0m  [1m[34mSELECT "ideas".* FROM "ideas"[0m
  ↳ app/views/ideas/index.html.erb:16
  Rendered ideas/index.html.erb within layouts/application (Duration: 3.0ms | Allocations: 771)
[Webpacker] Everything's up-to-date. Nothing to do
Completed 200 OK in 11ms (Views: 10.6ms | ActiveRecord: 0.1ms | Allocations: 4203)


Started DELETE "/ideas/1" for 127.0.0.1 at 2019-12-01 12:08:17 -0300
Processing by IdeasController#destroy as HTML
  Parameters: {"authenticity_token"=>"UBfHiV1IW4ABYyPyiSS266t94OGl+C9afykXTB2ciZzBWh6svkXwbKfXdvEFr7o7p/ki0Txr3CEnbikBK8V10w==", "id"=>"1"}
  [1m[36mIdea Load (0.1ms)[0m  [1m[34mSELECT "ideas".* FROM "ideas" WHERE "ideas"."id" = ? LIMIT ?[0m  [["id", 1], ["LIMIT", 1]]
  ↳ app/controllers/ideas_controller.rb:67:in `set_idea'
  [1m[35m (0.1ms)[0m  [1m[36mbegin transaction[0m
  ↳ app/controllers/ideas_controller.rb:57:in `destroy'
  [1m[36mIdea Destroy (1.0ms)[0m  [1m[31mDELETE FROM "ideas" WHERE "ideas"."id" = ?[0m  [["id", 1]]
  ↳ app/controllers/ideas_controller.rb:57:in `destroy'
  [1m[35m (4.3ms)[0m  [1m[36mcommit transaction[0m
  ↳ app/controllers/ideas_controller.rb:57:in `destroy'
Redirected to http://localhost:3000/ideas
Completed 302 Found in 20ms (ActiveRecord: 5.6ms | Allocations: 3680)


Started GET "/ideas" for 127.0.0.1 at 2019-12-01 12:08:17 -0300
Processing by IdeasController#index as HTML
  Rendering ideas/index.html.erb within layouts/application
  [1m[36mIdea Load (0.2ms)[0m  [1m[34mSELECT "ideas".* FROM "ideas"[0m
  ↳ app/views/ideas/index.html.erb:16
  Rendered ideas/index.html.erb within layouts/application (Duration: 5.6ms | Allocations: 632)
[Webpacker] Everything's up-to-date. Nothing to do
Completed 200 OK in 23ms (Views: 22.6ms | ActiveRecord: 0.2ms | Allocations: 4077)


Started GET "/ideas" for 127.0.0.1 at 2019-12-01 12:08:35 -0300
Processing by IdeasController#index as HTML
  Rendering ideas/index.html.erb within layouts/application
  [1m[36mIdea Load (0.1ms)[0m  [1m[34mSELECT "ideas".* FROM "ideas"[0m
  ↳ app/views/ideas/index.html.erb:16
  Rendered ideas/index.html.erb within layouts/application (Duration: 10.4ms | Allocations: 630)
[Webpacker] Everything's up-to-date. Nothing to do
Completed 200 OK in 23ms (Views: 21.2ms | ActiveRecord: 0.1ms | Allocations: 4063)


Started GET "/" for 127.0.0.1 at 2019-12-01 12:17:53 -0300
  [1m[35m (1.2ms)[0m  [1m[34mSELECT sqlite_version(*)[0m
  [1m[35m (0.2ms)[0m  [1m[34mSELECT "schema_migrations"."version" FROM "schema_migrations" ORDER BY "schema_migrations"."version" ASC[0m
Processing by Rails::WelcomeController#index as HTML
  Rendering /home/pedro/.rbenv/versions/2.6.5/lib/ruby/gems/2.6.0/gems/railties-6.0.1/lib/rails/templates/rails/welcome/index.html.erb
  Rendered /home/pedro/.rbenv/versions/2.6.5/lib/ruby/gems/2.6.0/gems/railties-6.0.1/lib/rails/templates/rails/welcome/index.html.erb (Duration: 26.0ms | Allocations: 309)
Completed 200 OK in 40ms (Views: 29.9ms | ActiveRecord: 0.0ms | Allocations: 1846)


Started GET "/ideias" for 127.0.0.1 at 2019-12-01 12:19:48 -0300
  
ActionController::RoutingError (No route matches [GET] "/ideias"):
  
actionpack (6.0.1) lib/action_dispatch/middleware/debug_exceptions.rb:36:in `call'
web-console (4.0.1) lib/web_console/middleware.rb:132:in `call_app'
web-console (4.0.1) lib/web_console/middleware.rb:28:in `block in call'
web-console (4.0.1) lib/web_console/middleware.rb:17:in `catch'
web-console (4.0.1) lib/web_console/middleware.rb:17:in `call'
actionpack (6.0.1) lib/action_dispatch/middleware/show_exceptions.rb:33:in `call'
railties (6.0.1) lib/rails/rack/logger.rb:38:in `call_app'
railties (6.0.1) lib/rails/rack/logger.rb:26:in `block in call'
activesupport (6.0.1) lib/active_support/tagged_logging.rb:80:in `block in tagged'
activesupport (6.0.1) lib/active_support/tagged_logging.rb:28:in `tagged'
activesupport (6.0.1) lib/active_support/tagged_logging.rb:80:in `tagged'
railties (6.0.1) lib/rails/rack/logger.rb:26:in `call'
sprockets-rails (3.2.1) lib/sprockets/rails/quiet_assets.rb:13:in `call'
actionpack (6.0.1) lib/action_dispatch/middleware/remote_ip.rb:81:in `call'
actionpack (6.0.1) lib/action_dispatch/middleware/request_id.rb:27:in `call'
rack (2.0.7) lib/rack/method_override.rb:22:in `call'
rack (2.0.7) lib/rack/runtime.rb:22:in `call'
activesupport (6.0.1) lib/active_support/cache/strategy/local_cache_middleware.rb:29:in `call'
actionpack (6.0.1) lib/action_dispatch/middleware/executor.rb:14:in `call'
actionpack (6.0.1) lib/action_dispatch/middleware/static.rb:126:in `call'
rack (2.0.7) lib/rack/sendfile.rb:111:in `call'
actionpack (6.0.1) lib/action_dispatch/middleware/host_authorization.rb:83:in `call'
webpacker (4.2.0) lib/webpacker/dev_server_proxy.rb:23:in `perform_request'
rack-proxy (0.6.5) lib/rack/proxy.rb:57:in `call'
railties (6.0.1) lib/rails/engine.rb:526:in `call'
puma (4.3.0) lib/puma/configuration.rb:228:in `call'
puma (4.3.0) lib/puma/server.rb:667:in `handle_request'
puma (4.3.0) lib/puma/server.rb:470:in `process_client'
puma (4.3.0) lib/puma/server.rb:328:in `block in run'
puma (4.3.0) lib/puma/thread_pool.rb:134:in `block in spawn_thread'
Started GET "/ideas" for 127.0.0.1 at 2019-12-01 12:19:52 -0300
Processing by IdeasController#index as HTML
  Rendering ideas/index.html.erb within layouts/application
  [1m[36mIdea Load (6.8ms)[0m  [1m[34mSELECT "ideas".* FROM "ideas"[0m
  ↳ app/views/ideas/index.html.erb:16
  Rendered ideas/index.html.erb within layouts/application (Duration: 23.4ms | Allocations: 1466)
[Webpacker] Everything's up-to-date. Nothing to do
Completed 200 OK in 378ms (Views: 350.6ms | ActiveRecord: 7.1ms | Allocations: 16556)


Started GET "/ideas" for 127.0.0.1 at 2019-12-01 12:21:25 -0300
Processing by IdeasController#index as HTML
  Rendering ideas/index.html.erb within layouts/application
  [1m[36mIdea Load (0.1ms)[0m  [1m[34mSELECT "ideas".* FROM "ideas"[0m
  ↳ app/views/ideas/index.html.erb:16
  Rendered ideas/index.html.erb within layouts/application (Duration: 7.1ms | Allocations: 906)
[Webpacker] Everything's up-to-date. Nothing to do
Completed 200 OK in 29ms (Views: 27.6ms | ActiveRecord: 0.1ms | Allocations: 5273)


Started GET "/ideas" for 127.0.0.1 at 2019-12-01 12:22:29 -0300
Processing by IdeasController#index as HTML
  Rendering ideas/index.html.erb within layouts/application
  [1m[36mIdea Load (0.1ms)[0m  [1m[34mSELECT "ideas".* FROM "ideas"[0m
  ↳ app/views/ideas/index.html.erb:16
  Rendered ideas/index.html.erb within layouts/application (Duration: 5.1ms | Allocations: 895)
[Webpacker] Everything's up-to-date. Nothing to do
Completed 200 OK in 25ms (Views: 23.4ms | ActiveRecord: 0.1ms | Allocations: 5276)


Started GET "/ideas" for 127.0.0.1 at 2019-12-01 12:22:51 -0300
Processing by IdeasController#index as HTML
  Rendering ideas/index.html.erb within layouts/application
  [1m[36mIdea Load (0.1ms)[0m  [1m[34mSELECT "ideas".* FROM "ideas"[0m
  ↳ app/views/ideas/index.html.erb:16
  Rendered ideas/index.html.erb within layouts/application (Duration: 8.5ms | Allocations: 903)
[Webpacker] Everything's up-to-date. Nothing to do
Completed 200 OK in 27ms (Views: 25.6ms | ActiveRecord: 0.1ms | Allocations: 5269)


Started GET "/ideas" for 127.0.0.1 at 2019-12-01 12:22:52 -0300
Processing by IdeasController#index as HTML
  Rendering ideas/index.html.erb within layouts/application
  [1m[36mIdea Load (0.1ms)[0m  [1m[34mSELECT "ideas".* FROM "ideas"[0m
  ↳ app/views/ideas/index.html.erb:16
  Rendered ideas/index.html.erb within layouts/application (Duration: 1.6ms | Allocations: 646)
[Webpacker] Everything's up-to-date. Nothing to do
Completed 200 OK in 24ms (Views: 23.6ms | ActiveRecord: 0.1ms | Allocations: 4078)


Started GET "/" for 127.0.0.1 at 2019-12-01 12:22:54 -0300
Processing by Rails::WelcomeController#index as HTML
  Rendering /home/pedro/.rbenv/versions/2.6.5/lib/ruby/gems/2.6.0/gems/railties-6.0.1/lib/rails/templates/rails/welcome/index.html.erb
  Rendered /home/pedro/.rbenv/versions/2.6.5/lib/ruby/gems/2.6.0/gems/railties-6.0.1/lib/rails/templates/rails/welcome/index.html.erb (Duration: 3.6ms | Allocations: 189)
Completed 200 OK in 6ms (Views: 5.3ms | ActiveRecord: 0.0ms | Allocations: 920)


Started GET "/" for 127.0.0.1 at 2019-12-01 12:22:55 -0300
Processing by Rails::WelcomeController#index as HTML
  Rendering /home/pedro/.rbenv/versions/2.6.5/lib/ruby/gems/2.6.0/gems/railties-6.0.1/lib/rails/templates/rails/welcome/index.html.erb
  Rendered /home/pedro/.rbenv/versions/2.6.5/lib/ruby/gems/2.6.0/gems/railties-6.0.1/lib/rails/templates/rails/welcome/index.html.erb (Duration: 0.2ms | Allocations: 7)
Completed 200 OK in 2ms (Views: 1.0ms | ActiveRecord: 0.0ms | Allocations: 451)


Started GET "/IDEAS" for 127.0.0.1 at 2019-12-01 12:23:00 -0300
  
ActionController::RoutingError (No route matches [GET] "/IDEAS"):
  
actionpack (6.0.1) lib/action_dispatch/middleware/debug_exceptions.rb:36:in `call'
web-console (4.0.1) lib/web_console/middleware.rb:132:in `call_app'
web-console (4.0.1) lib/web_console/middleware.rb:28:in `block in call'
web-console (4.0.1) lib/web_console/middleware.rb:17:in `catch'
web-console (4.0.1) lib/web_console/middleware.rb:17:in `call'
actionpack (6.0.1) lib/action_dispatch/middleware/show_exceptions.rb:33:in `call'
railties (6.0.1) lib/rails/rack/logger.rb:38:in `call_app'
railties (6.0.1) lib/rails/rack/logger.rb:26:in `block in call'
activesupport (6.0.1) lib/active_support/tagged_logging.rb:80:in `block in tagged'
activesupport (6.0.1) lib/active_support/tagged_logging.rb:28:in `tagged'
activesupport (6.0.1) lib/active_support/tagged_logging.rb:80:in `tagged'
railties (6.0.1) lib/rails/rack/logger.rb:26:in `call'
sprockets-rails (3.2.1) lib/sprockets/rails/quiet_assets.rb:13:in `call'
actionpack (6.0.1) lib/action_dispatch/middleware/remote_ip.rb:81:in `call'
actionpack (6.0.1) lib/action_dispatch/middleware/request_id.rb:27:in `call'
rack (2.0.7) lib/rack/method_override.rb:22:in `call'
rack (2.0.7) lib/rack/runtime.rb:22:in `call'
activesupport (6.0.1) lib/active_support/cache/strategy/local_cache_middleware.rb:29:in `call'
actionpack (6.0.1) lib/action_dispatch/middleware/executor.rb:14:in `call'
actionpack (6.0.1) lib/action_dispatch/middleware/static.rb:126:in `call'
rack (2.0.7) lib/rack/sendfile.rb:111:in `call'
actionpack (6.0.1) lib/action_dispatch/middleware/host_authorization.rb:83:in `call'
webpacker (4.2.0) lib/webpacker/dev_server_proxy.rb:23:in `perform_request'
rack-proxy (0.6.5) lib/rack/proxy.rb:57:in `call'
railties (6.0.1) lib/rails/engine.rb:526:in `call'
puma (4.3.0) lib/puma/configuration.rb:228:in `call'
puma (4.3.0) lib/puma/server.rb:667:in `handle_request'
puma (4.3.0) lib/puma/server.rb:470:in `process_client'
puma (4.3.0) lib/puma/server.rb:328:in `block in run'
puma (4.3.0) lib/puma/thread_pool.rb:134:in `block in spawn_thread'
Started GET "/ideas" for 127.0.0.1 at 2019-12-01 12:23:04 -0300
Processing by IdeasController#index as HTML
  Rendering ideas/index.html.erb within layouts/application
  [1m[36mIdea Load (0.1ms)[0m  [1m[34mSELECT "ideas".* FROM "ideas"[0m
  ↳ app/views/ideas/index.html.erb:16
  Rendered ideas/index.html.erb within layouts/application (Duration: 2.7ms | Allocations: 636)
[Webpacker] Everything's up-to-date. Nothing to do
Completed 200 OK in 13ms (Views: 12.4ms | ActiveRecord: 0.1ms | Allocations: 4069)


Started GET "/ideas" for 127.0.0.1 at 2019-12-01 12:23:40 -0300
Processing by IdeasController#index as HTML
  Rendering ideas/index.html.erb within layouts/application
  [1m[36mIdea Load (0.1ms)[0m  [1m[34mSELECT "ideas".* FROM "ideas"[0m
  ↳ app/views/ideas/index.html.erb:16
  Rendered ideas/index.html.erb within layouts/application (Duration: 2.1ms | Allocations: 895)
[Webpacker] Everything's up-to-date. Nothing to do
Completed 200 OK in 17ms (Views: 16.0ms | ActiveRecord: 0.1ms | Allocations: 5272)


Started GET "/ideas" for 127.0.0.1 at 2019-12-01 12:23:42 -0300
Processing by IdeasController#index as HTML
  Rendering ideas/index.html.erb within layouts/application
  [1m[36mIdea Load (0.1ms)[0m  [1m[34mSELECT "ideas".* FROM "ideas"[0m
  ↳ app/views/ideas/index.html.erb:16
  Rendered ideas/index.html.erb within layouts/application (Duration: 4.4ms | Allocations: 636)
[Webpacker] Everything's up-to-date. Nothing to do
Completed 200 OK in 16ms (Views: 14.8ms | ActiveRecord: 0.1ms | Allocations: 4061)


Started GET "/ideas/new" for 127.0.0.1 at 2019-12-01 12:23:43 -0300
Processing by IdeasController#new as HTML
  Rendering ideas/new.html.erb within layouts/application
  Rendered ideas/_form.html.erb (Duration: 90.7ms | Allocations: 4770)
  Rendered ideas/new.html.erb within layouts/application (Duration: 91.5ms | Allocations: 5119)
[Webpacker] Everything's up-to-date. Nothing to do
Completed 200 OK in 108ms (Views: 99.8ms | ActiveRecord: 0.5ms | Allocations: 12271)


Started GET "/ideas" for 127.0.0.1 at 2019-12-01 12:23:46 -0300
Processing by IdeasController#index as HTML
  Rendering ideas/index.html.erb within layouts/application
  [1m[36mIdea Load (0.1ms)[0m  [1m[34mSELECT "ideas".* FROM "ideas"[0m
  ↳ app/views/ideas/index.html.erb:16
  Rendered ideas/index.html.erb within layouts/application (Duration: 1.9ms | Allocations: 632)
[Webpacker] Everything's up-to-date. Nothing to do
Completed 200 OK in 16ms (Views: 15.4ms | ActiveRecord: 0.1ms | Allocations: 4054)


Started GET "/ideas" for 127.0.0.1 at 2019-12-01 12:24:41 -0300
Processing by IdeasController#index as HTML
  Rendering ideas/index.html.erb within layouts/application
  [1m[36mIdea Load (0.2ms)[0m  [1m[34mSELECT "ideas".* FROM "ideas"[0m
  ↳ app/views/ideas/index.html.erb:16
  Rendered ideas/index.html.erb within layouts/application (Duration: 5.2ms | Allocations: 895)
[Webpacker] Everything's up-to-date. Nothing to do
Completed 200 OK in 19ms (Views: 17.4ms | ActiveRecord: 0.2ms | Allocations: 5262)


Started GET "/ideas" for 127.0.0.1 at 2019-12-01 12:25:19 -0300
Processing by IdeasController#index as HTML
  Rendering ideas/index.html.erb within layouts/application
  [1m[36mIdea Load (0.1ms)[0m  [1m[34mSELECT "ideas".* FROM "ideas"[0m
  ↳ app/views/ideas/index.html.erb:16
  Rendered ideas/index.html.erb within layouts/application (Duration: 4.1ms | Allocations: 900)
[Webpacker] Everything's up-to-date. Nothing to do
Completed 200 OK in 21ms (Views: 19.7ms | ActiveRecord: 0.1ms | Allocations: 5279)


Started GET "/tranquei" for 127.0.0.1 at 2019-12-01 12:25:25 -0300
  
ActionController::RoutingError (No route matches [GET] "/tranquei"):
  
actionpack (6.0.1) lib/action_dispatch/middleware/debug_exceptions.rb:36:in `call'
web-console (4.0.1) lib/web_console/middleware.rb:132:in `call_app'
web-console (4.0.1) lib/web_console/middleware.rb:28:in `block in call'
web-console (4.0.1) lib/web_console/middleware.rb:17:in `catch'
web-console (4.0.1) lib/web_console/middleware.rb:17:in `call'
actionpack (6.0.1) lib/action_dispatch/middleware/show_exceptions.rb:33:in `call'
railties (6.0.1) lib/rails/rack/logger.rb:38:in `call_app'
railties (6.0.1) lib/rails/rack/logger.rb:26:in `block in call'
activesupport (6.0.1) lib/active_support/tagged_logging.rb:80:in `block in tagged'
activesupport (6.0.1) lib/active_support/tagged_logging.rb:28:in `tagged'
activesupport (6.0.1) lib/active_support/tagged_logging.rb:80:in `tagged'
railties (6.0.1) lib/rails/rack/logger.rb:26:in `call'
sprockets-rails (3.2.1) lib/sprockets/rails/quiet_assets.rb:13:in `call'
actionpack (6.0.1) lib/action_dispatch/middleware/remote_ip.rb:81:in `call'
actionpack (6.0.1) lib/action_dispatch/middleware/request_id.rb:27:in `call'
rack (2.0.7) lib/rack/method_override.rb:22:in `call'
rack (2.0.7) lib/rack/runtime.rb:22:in `call'
activesupport (6.0.1) lib/active_support/cache/strategy/local_cache_middleware.rb:29:in `call'
actionpack (6.0.1) lib/action_dispatch/middleware/executor.rb:14:in `call'
actionpack (6.0.1) lib/action_dispatch/middleware/static.rb:126:in `call'
rack (2.0.7) lib/rack/sendfile.rb:111:in `call'
actionpack (6.0.1) lib/action_dispatch/middleware/host_authorization.rb:83:in `call'
webpacker (4.2.0) lib/webpacker/dev_server_proxy.rb:23:in `perform_request'
rack-proxy (0.6.5) lib/rack/proxy.rb:57:in `call'
railties (6.0.1) lib/rails/engine.rb:526:in `call'
puma (4.3.0) lib/puma/configuration.rb:228:in `call'
puma (4.3.0) lib/puma/server.rb:667:in `handle_request'
puma (4.3.0) lib/puma/server.rb:470:in `process_client'
puma (4.3.0) lib/puma/server.rb:328:in `block in run'
puma (4.3.0) lib/puma/thread_pool.rb:134:in `block in spawn_thread'
Started GET "/tranquei" for 127.0.0.1 at 2019-12-01 12:25:38 -0300
  
ActionController::RoutingError (No route matches [GET] "/tranquei"):
  
actionpack (6.0.1) lib/action_dispatch/middleware/debug_exceptions.rb:36:in `call'
web-console (4.0.1) lib/web_console/middleware.rb:132:in `call_app'
web-console (4.0.1) lib/web_console/middleware.rb:28:in `block in call'
web-console (4.0.1) lib/web_console/middleware.rb:17:in `catch'
web-console (4.0.1) lib/web_console/middleware.rb:17:in `call'
actionpack (6.0.1) lib/action_dispatch/middleware/show_exceptions.rb:33:in `call'
railties (6.0.1) lib/rails/rack/logger.rb:38:in `call_app'
railties (6.0.1) lib/rails/rack/logger.rb:26:in `block in call'
activesupport (6.0.1) lib/active_support/tagged_logging.rb:80:in `block in tagged'
activesupport (6.0.1) lib/active_support/tagged_logging.rb:28:in `tagged'
activesupport (6.0.1) lib/active_support/tagged_logging.rb:80:in `tagged'
railties (6.0.1) lib/rails/rack/logger.rb:26:in `call'
sprockets-rails (3.2.1) lib/sprockets/rails/quiet_assets.rb:13:in `call'
actionpack (6.0.1) lib/action_dispatch/middleware/remote_ip.rb:81:in `call'
actionpack (6.0.1) lib/action_dispatch/middleware/request_id.rb:27:in `call'
rack (2.0.7) lib/rack/method_override.rb:22:in `call'
rack (2.0.7) lib/rack/runtime.rb:22:in `call'
activesupport (6.0.1) lib/active_support/cache/strategy/local_cache_middleware.rb:29:in `call'
actionpack (6.0.1) lib/action_dispatch/middleware/executor.rb:14:in `call'
actionpack (6.0.1) lib/action_dispatch/middleware/static.rb:126:in `call'
rack (2.0.7) lib/rack/sendfile.rb:111:in `call'
actionpack (6.0.1) lib/action_dispatch/middleware/host_authorization.rb:83:in `call'
webpacker (4.2.0) lib/webpacker/dev_server_proxy.rb:23:in `perform_request'
rack-proxy (0.6.5) lib/rack/proxy.rb:57:in `call'
railties (6.0.1) lib/rails/engine.rb:526:in `call'
puma (4.3.0) lib/puma/configuration.rb:228:in `call'
puma (4.3.0) lib/puma/server.rb:667:in `handle_request'
puma (4.3.0) lib/puma/server.rb:470:in `process_client'
puma (4.3.0) lib/puma/server.rb:328:in `block in run'
puma (4.3.0) lib/puma/thread_pool.rb:134:in `block in spawn_thread'
Started GET "/ideas" for 127.0.0.1 at 2019-12-01 12:25:51 -0300
Processing by IdeasController#index as HTML
  Rendering ideas/index.html.erb within layouts/application
  [1m[36mIdea Load (0.1ms)[0m  [1m[34mSELECT "ideas".* FROM "ideas"[0m
  ↳ app/views/ideas/index.html.erb:16
  Rendered ideas/index.html.erb within layouts/application (Duration: 6.2ms | Allocations: 896)
[Webpacker] Everything's up-to-date. Nothing to do
Completed 200 OK in 19ms (Views: 18.2ms | ActiveRecord: 0.1ms | Allocations: 5276)


Started GET "/ideas" for 127.0.0.1 at 2019-12-01 12:36:32 -0300
  [1m[35m (0.7ms)[0m  [1m[34mSELECT sqlite_version(*)[0m
  [1m[35m (0.2ms)[0m  [1m[34mSELECT "schema_migrations"."version" FROM "schema_migrations" ORDER BY "schema_migrations"."version" ASC[0m
Processing by IdeasController#index as HTML
  Rendering ideas/index.html.erb within layouts/application
  [1m[36mIdea Load (0.2ms)[0m  [1m[34mSELECT "ideas".* FROM "ideas"[0m
  ↳ app/views/ideas/index.html.erb:16
  Rendered ideas/index.html.erb within layouts/application (Duration: 3.9ms | Allocations: 1565)
[Webpacker] Everything's up-to-date. Nothing to do
Completed 200 OK in 54ms (Views: 42.9ms | ActiveRecord: 0.4ms | Allocations: 10575)


Started GET "/ideas/new" for 127.0.0.1 at 2019-12-01 12:36:37 -0300
Processing by IdeasController#new as HTML
  Rendering ideas/new.html.erb within layouts/application
  Rendered ideas/_form.html.erb (Duration: 45.4ms | Allocations: 3389)
  Rendered ideas/new.html.erb within layouts/application (Duration: 46.4ms | Allocations: 3744)
[Webpacker] Everything's up-to-date. Nothing to do
Completed 200 OK in 98ms (Views: 61.4ms | ActiveRecord: 0.4ms | Allocations: 10998)


Started GET "/ideas" for 127.0.0.1 at 2019-12-01 12:36:55 -0300
Processing by IdeasController#index as HTML
  Rendering ideas/index.html.erb within layouts/application
  [1m[36mIdea Load (0.1ms)[0m  [1m[34mSELECT "ideas".* FROM "ideas"[0m
  ↳ app/views/ideas/index.html.erb:16
  Rendered ideas/index.html.erb within layouts/application (Duration: 8.2ms | Allocations: 642)
[Webpacker] Everything's up-to-date. Nothing to do
Completed 200 OK in 53ms (Views: 52.4ms | ActiveRecord: 0.1ms | Allocations: 4072)


